0 info it worked if it ends with ok
1 verbose cli [ '/usr/local/bin/node',
1 verbose cli   '/usr/local/bin/npm',
1 verbose cli   'install',
1 verbose cli   '-g',
1 verbose cli   'webkit-devtools-agent' ]
2 info using npm@2.11.3
3 info using node@v0.12.7
4 verbose install initial load of /usr/local/lib/package.json
5 verbose readDependencies loading dependencies from /usr/local/lib/package.json
6 silly cache add args [ 'webkit-devtools-agent', null ]
7 verbose cache add spec webkit-devtools-agent
8 silly cache add parsed spec { raw: 'webkit-devtools-agent',
8 silly cache add   scope: null,
8 silly cache add   name: 'webkit-devtools-agent',
8 silly cache add   rawSpec: '',
8 silly cache add   spec: '*',
8 silly cache add   type: 'range' }
9 silly addNamed webkit-devtools-agent@*
10 verbose addNamed "*" is a valid semver range for webkit-devtools-agent
11 silly addNameRange { name: 'webkit-devtools-agent', range: '*', hasData: false }
12 silly mapToRegistry name webkit-devtools-agent
13 silly mapToRegistry using default registry
14 silly mapToRegistry registry https://registry.npmjs.org/
15 silly mapToRegistry uri https://registry.npmjs.org/webkit-devtools-agent
16 verbose addNameRange registry:https://registry.npmjs.org/webkit-devtools-agent not in flight; fetching
17 verbose request uri https://registry.npmjs.org/webkit-devtools-agent
18 verbose request no auth needed
19 info attempt registry request try #1 at 7:45:55 PM
20 verbose request id ea53e28a19cff830
21 verbose etag "1X3N1JZXNW0C7MEFF1NT0KZQU"
22 http request GET https://registry.npmjs.org/webkit-devtools-agent
23 http 304 https://registry.npmjs.org/webkit-devtools-agent
24 silly get cb [ 304,
24 silly get   { date: 'Sun, 26 Jul 2015 23:45:54 GMT',
24 silly get     via: '1.1 varnish',
24 silly get     'cache-control': 'max-age=60',
24 silly get     etag: '"1X3N1JZXNW0C7MEFF1NT0KZQU"',
24 silly get     age: '0',
24 silly get     connection: 'keep-alive',
24 silly get     'x-served-by': 'cache-iad2142-IAD',
24 silly get     'x-cache': 'MISS',
24 silly get     'x-cache-hits': '0',
24 silly get     'x-timer': 'S1437954354.984355,VS0,VE20',
24 silly get     vary: 'Accept' } ]
25 verbose etag https://registry.npmjs.org/webkit-devtools-agent from cache
26 verbose get saving webkit-devtools-agent to /home/kmitchel/.npm/registry.npmjs.org/webkit-devtools-agent/.cache.json
27 silly addNameRange number 2 { name: 'webkit-devtools-agent', range: '*', hasData: true }
28 silly addNameRange versions [ 'webkit-devtools-agent',
28 silly addNameRange   [ '0.0.1',
28 silly addNameRange     '0.0.2',
28 silly addNameRange     '0.0.3',
28 silly addNameRange     '0.0.4',
28 silly addNameRange     '0.1.0',
28 silly addNameRange     '0.1.1',
28 silly addNameRange     '0.1.2',
28 silly addNameRange     '0.2.0',
28 silly addNameRange     '0.2.1',
28 silly addNameRange     '0.2.2',
28 silly addNameRange     '0.2.3',
28 silly addNameRange     '0.2.4',
28 silly addNameRange     '0.2.5',
28 silly addNameRange     '0.3.0',
28 silly addNameRange     '0.3.1' ] ]
29 silly addNamed webkit-devtools-agent@0.3.1
30 verbose addNamed "0.3.1" is a plain semver version for webkit-devtools-agent
31 silly cache afterAdd webkit-devtools-agent@0.3.1
32 verbose afterAdd /home/kmitchel/.npm/webkit-devtools-agent/0.3.1/package/package.json not in flight; writing
33 verbose afterAdd /home/kmitchel/.npm/webkit-devtools-agent/0.3.1/package/package.json written
34 silly install resolved [ { name: 'webkit-devtools-agent',
34 silly install resolved     description: 'Webkit devtools agent that leverages remote debugging and profiling of nodejs applications using the built-in webkit inspector.',
34 silly install resolved     keywords:
34 silly install resolved      [ 'devtools',
34 silly install resolved        'agent',
34 silly install resolved        'webkit',
34 silly install resolved        'debugger',
34 silly install resolved        'profiler',
34 silly install resolved        'remote',
34 silly install resolved        'v8' ],
34 silly install resolved     homepage: 'http://github.com/c4milo/node-webkit-agent',
34 silly install resolved     version: '0.3.1',
34 silly install resolved     author: { name: 'Camilo Aguilar' },
34 silly install resolved     repository:
34 silly install resolved      { type: 'git',
34 silly install resolved        url: 'git://github.com/c4milo/node-webkit-agent.git' },
34 silly install resolved     engines: { node: '>= 0.6.0' },
34 silly install resolved     devDependencies: { mocha: '1.14.0', should: '0.6.0' },
34 silly install resolved     dependencies: { ws: '0.4.31', underscore: '1.3.3' },
34 silly install resolved     main: 'index',
34 silly install resolved     scripts: { install: 'node-gyp rebuild' },
34 silly install resolved     gypfile: true,
34 silly install resolved     contributors:
34 silly install resolved      [ [Object],
34 silly install resolved        [Object],
34 silly install resolved        [Object],
34 silly install resolved        [Object],
34 silly install resolved        [Object],
34 silly install resolved        [Object],
34 silly install resolved        [Object],
34 silly install resolved        [Object],
34 silly install resolved        [Object],
34 silly install resolved        [Object] ],
34 silly install resolved     gitHead: '6d8863dfac1ac446ff88005a9c3e3c50a5c29df6',
34 silly install resolved     bugs: { url: 'https://github.com/c4milo/node-webkit-agent/issues' },
34 silly install resolved     _id: 'webkit-devtools-agent@0.3.1',
34 silly install resolved     _shasum: '06625a33f2c8ee1dc37b7c836fc850f6747c8490',
34 silly install resolved     _from: 'webkit-devtools-agent@*',
34 silly install resolved     _npmVersion: '1.4.14',
34 silly install resolved     _npmUser: { name: 'c4milo', email: 'camilo.aguilar@gmail.com' },
34 silly install resolved     maintainers: [ [Object] ],
34 silly install resolved     dist:
34 silly install resolved      { shasum: '06625a33f2c8ee1dc37b7c836fc850f6747c8490',
34 silly install resolved        tarball: 'http://registry.npmjs.org/webkit-devtools-agent/-/webkit-devtools-agent-0.3.1.tgz' },
34 silly install resolved     directories: {},
34 silly install resolved     _resolved: 'https://registry.npmjs.org/webkit-devtools-agent/-/webkit-devtools-agent-0.3.1.tgz',
34 silly install resolved     readme: 'ERROR: No README data found!' } ]
35 info install webkit-devtools-agent@0.3.1 into /usr/local/lib
36 info installOne webkit-devtools-agent@0.3.1
37 verbose installOne of webkit-devtools-agent to /usr/local/lib not in flight; installing
38 verbose lock using /home/kmitchel/.npm/_locks/webkit-devtools-agent-e60cbcb6161df271.lock for /usr/local/lib/node_modules/webkit-devtools-agent
39 silly install write writing webkit-devtools-agent 0.3.1 to /usr/local/lib/node_modules/webkit-devtools-agent
40 verbose unbuild lib/node_modules/webkit-devtools-agent
41 silly gentlyRm /usr/local/lib/node_modules/webkit-devtools-agent is being purged from base /usr/local
42 verbose gentlyRm don't care about contents; nuking /usr/local/lib/node_modules/webkit-devtools-agent
43 verbose tar unpack /home/kmitchel/.npm/webkit-devtools-agent/0.3.1/package.tgz
44 verbose tar unpacking to /usr/local/lib/node_modules/webkit-devtools-agent
45 silly gentlyRm /usr/local/lib/node_modules/webkit-devtools-agent is being purged
46 verbose gentlyRm don't care about contents; nuking /usr/local/lib/node_modules/webkit-devtools-agent
47 silly gunzTarPerm modes [ '755', '644' ]
48 silly gunzTarPerm extractEntry package.json
49 silly gunzTarPerm extractEntry .npmignore
50 silly gunzTarPerm extractEntry README.md
51 silly gunzTarPerm extractEntry index.js
52 silly gunzTarPerm extractEntry example.js
53 silly gunzTarPerm extractEntry webkit-devtools-agent.js
54 silly gunzTarPerm extractEntry .editorconfig
55 silly gunzTarPerm extractEntry lib/console.js
56 silly gunzTarPerm extractEntry lib/helpers.js
57 silly gunzTarPerm extractEntry lib/index.js
58 silly gunzTarPerm extractEntry lib/inspector.js
59 silly gunzTarPerm extractEntry lib/timeline.js
60 silly gunzTarPerm extractEntry lib/page.js
61 silly gunzTarPerm extractEntry lib/profiler.js
62 silly gunzTarPerm extractEntry lib/runtime.js
63 silly gunzTarPerm extractEntry lib/v8-profiler.js
64 silly gunzTarPerm extractEntry lib/network.js
65 silly gunzTarPerm extractEntry lib/debugger/debugger-client.js
66 silly gunzTarPerm extractEntry lib/debugger/index.js
67 silly gunzTarPerm extractEntry lib/debugger/translator.js
68 silly gunzTarPerm extractEntry binding.gyp
69 silly gunzTarPerm extractEntry AUTHORS
70 silly gunzTarPerm extractEntry src/profile_node.cc
71 silly gunzTarPerm extractEntry src/cpu_profiler.cc
72 silly gunzTarPerm extractEntry src/heap_profiler.cc
73 silly gunzTarPerm extractEntry src/heap_profiler.h
74 silly gunzTarPerm extractEntry src/profile.cc
75 silly gunzTarPerm extractEntry src/profile.h
76 silly gunzTarPerm extractEntry src/cpu_profiler.h
77 silly gunzTarPerm extractEntry src/profile_node.h
78 silly gunzTarPerm extractEntry src/profiler.cc
79 silly gunzTarPerm extractEntry src/readme.md
80 silly gunzTarPerm extractEntry src/snapshot.cc
81 silly gunzTarPerm extractEntry src/snapshot.h
82 silly gunzTarPerm extractEntry src/wscript
83 silly gunzTarPerm extractEntry wscript
84 verbose write writing to /usr/local/lib/node_modules/webkit-devtools-agent/package.json
85 info preinstall webkit-devtools-agent@0.3.1
86 verbose readDependencies loading dependencies from /usr/local/lib/node_modules/webkit-devtools-agent/package.json
87 silly prepareForInstallMany adding ws@0.4.31 from webkit-devtools-agent dependencies
88 silly prepareForInstallMany adding underscore@1.3.3 from webkit-devtools-agent dependencies
89 verbose readDependencies loading dependencies from /usr/local/lib/node_modules/webkit-devtools-agent/package.json
90 silly cache add args [ 'ws@0.4.31', null ]
91 verbose cache add spec ws@0.4.31
92 silly cache add parsed spec { raw: 'ws@0.4.31',
92 silly cache add   scope: null,
92 silly cache add   name: 'ws',
92 silly cache add   rawSpec: '0.4.31',
92 silly cache add   spec: '0.4.31',
92 silly cache add   type: 'version' }
93 silly addNamed ws@0.4.31
94 verbose addNamed "0.4.31" is a plain semver version for ws
95 silly mapToRegistry name ws
96 silly mapToRegistry using default registry
97 silly mapToRegistry registry https://registry.npmjs.org/
98 silly mapToRegistry uri https://registry.npmjs.org/ws
99 verbose addNameVersion registry:https://registry.npmjs.org/ws not in flight; fetching
100 silly cache add args [ 'underscore@1.3.3', null ]
101 verbose cache add spec underscore@1.3.3
102 silly cache add parsed spec { raw: 'underscore@1.3.3',
102 silly cache add   scope: null,
102 silly cache add   name: 'underscore',
102 silly cache add   rawSpec: '1.3.3',
102 silly cache add   spec: '1.3.3',
102 silly cache add   type: 'version' }
103 silly addNamed underscore@1.3.3
104 verbose addNamed "1.3.3" is a plain semver version for underscore
105 silly mapToRegistry name underscore
106 silly mapToRegistry using default registry
107 silly mapToRegistry registry https://registry.npmjs.org/
108 silly mapToRegistry uri https://registry.npmjs.org/underscore
109 verbose addNameVersion registry:https://registry.npmjs.org/underscore not in flight; fetching
110 verbose request uri https://registry.npmjs.org/ws
111 verbose request no auth needed
112 info attempt registry request try #1 at 7:45:56 PM
113 verbose etag "23VOTLZN2XRB799AEVTZB5WMU"
114 http request GET https://registry.npmjs.org/ws
115 verbose request uri https://registry.npmjs.org/underscore
116 verbose request no auth needed
117 info attempt registry request try #1 at 7:45:56 PM
118 verbose etag "CVUBWYO6DNN77U6X6NT1N1M2A"
119 http request GET https://registry.npmjs.org/underscore
120 http 304 https://registry.npmjs.org/ws
121 silly get cb [ 304,
121 silly get   { date: 'Sun, 26 Jul 2015 23:45:56 GMT',
121 silly get     via: '1.1 varnish',
121 silly get     'cache-control': 'max-age=60',
121 silly get     etag: '"23VOTLZN2XRB799AEVTZB5WMU"',
121 silly get     age: '39',
121 silly get     connection: 'keep-alive',
121 silly get     'x-served-by': 'cache-iad2142-IAD',
121 silly get     'x-cache': 'HIT',
121 silly get     'x-cache-hits': '2',
121 silly get     'x-timer': 'S1437954356.043908,VS0,VE0',
121 silly get     vary: 'Accept' } ]
122 verbose etag https://registry.npmjs.org/ws from cache
123 verbose get saving ws to /home/kmitchel/.npm/registry.npmjs.org/ws/.cache.json
124 http 304 https://registry.npmjs.org/underscore
125 silly get cb [ 304,
125 silly get   { date: 'Sun, 26 Jul 2015 23:45:56 GMT',
125 silly get     via: '1.1 varnish',
125 silly get     'cache-control': 'max-age=60',
125 silly get     etag: '"CVUBWYO6DNN77U6X6NT1N1M2A"',
125 silly get     age: '42',
125 silly get     connection: 'keep-alive',
125 silly get     'x-served-by': 'cache-iad2141-IAD',
125 silly get     'x-cache': 'HIT',
125 silly get     'x-cache-hits': '2',
125 silly get     'x-timer': 'S1437954356.057592,VS0,VE0',
125 silly get     vary: 'Accept' } ]
126 verbose etag https://registry.npmjs.org/underscore from cache
127 verbose get saving underscore to /home/kmitchel/.npm/registry.npmjs.org/underscore/.cache.json
128 silly cache afterAdd ws@0.4.31
129 verbose afterAdd /home/kmitchel/.npm/ws/0.4.31/package/package.json not in flight; writing
130 silly cache afterAdd underscore@1.3.3
131 verbose afterAdd /home/kmitchel/.npm/underscore/1.3.3/package/package.json not in flight; writing
132 verbose afterAdd /home/kmitchel/.npm/ws/0.4.31/package/package.json written
133 verbose afterAdd /home/kmitchel/.npm/underscore/1.3.3/package/package.json written
134 silly install resolved [ { author:
134 silly install resolved      { name: 'Einar Otto Stangvik',
134 silly install resolved        email: 'einaros@gmail.com',
134 silly install resolved        url: 'http://2x.io' },
134 silly install resolved     name: 'ws',
134 silly install resolved     description: 'simple to use, blazing fast and thoroughly tested websocket client, server and console for node.js, up-to-date against RFC-6455',
134 silly install resolved     version: '0.4.31',
134 silly install resolved     keywords:
134 silly install resolved      [ 'Hixie',
134 silly install resolved        'HyBi',
134 silly install resolved        'Push',
134 silly install resolved        'RFC-6455',
134 silly install resolved        'WebSocket',
134 silly install resolved        'WebSockets',
134 silly install resolved        'real-time' ],
134 silly install resolved     repository: { type: 'git', url: 'git://github.com/einaros/ws.git' },
134 silly install resolved     bin: { wscat: './bin/wscat' },
134 silly install resolved     scripts:
134 silly install resolved      { test: 'make test',
134 silly install resolved        install: '(node-gyp rebuild 2> builderror.log) || (exit 0)' },
134 silly install resolved     engines: { node: '>=0.4.0' },
134 silly install resolved     dependencies:
134 silly install resolved      { commander: '~0.6.1',
134 silly install resolved        nan: '~0.3.0',
134 silly install resolved        tinycolor: '0.x',
134 silly install resolved        options: '>=0.0.5' },
134 silly install resolved     devDependencies:
134 silly install resolved      { mocha: '1.12.0',
134 silly install resolved        should: '1.2.x',
134 silly install resolved        'expect.js': '0.2.x',
134 silly install resolved        benchmark: '0.3.x',
134 silly install resolved        ansi: 'latest' },
134 silly install resolved     browser: './lib/browser.js',
134 silly install resolved     component: { scripts: [Object] },
134 silly install resolved     gypfile: true,
134 silly install resolved     bugs: { url: 'https://github.com/einaros/ws/issues' },
134 silly install resolved     _id: 'ws@0.4.31',
134 silly install resolved     dist:
134 silly install resolved      { shasum: '5a4849e7a9ccd1ed5a81aeb4847c9fedf3122927',
134 silly install resolved        tarball: 'http://registry.npmjs.org/ws/-/ws-0.4.31.tgz' },
134 silly install resolved     _from: 'ws@0.4.31',
134 silly install resolved     _npmVersion: '1.3.5',
134 silly install resolved     _npmUser: { name: 'V1', email: 'info@3rd-Eden.com' },
134 silly install resolved     maintainers: [ [Object], [Object] ],
134 silly install resolved     directories: {},
134 silly install resolved     _shasum: '5a4849e7a9ccd1ed5a81aeb4847c9fedf3122927',
134 silly install resolved     _resolved: 'https://registry.npmjs.org/ws/-/ws-0.4.31.tgz',
134 silly install resolved     readme: 'ERROR: No README data found!',
134 silly install resolved     homepage: 'https://github.com/einaros/ws#readme' },
134 silly install resolved   { name: 'underscore',
134 silly install resolved     description: 'JavaScript\'s functional programming helper library.',
134 silly install resolved     homepage: 'http://documentcloud.github.com/underscore/',
134 silly install resolved     keywords: [ 'util', 'functional', 'server', 'client', 'browser' ],
134 silly install resolved     author: { name: 'Jeremy Ashkenas', email: 'jeremy@documentcloud.org' },
134 silly install resolved     repository:
134 silly install resolved      { type: 'git',
134 silly install resolved        url: 'git://github.com/documentcloud/underscore.git' },
134 silly install resolved     main: 'underscore.js',
134 silly install resolved     version: '1.3.3',
134 silly install resolved     _npmUser: { name: 'jashkenas', email: 'jashkenas@gmail.com' },
134 silly install resolved     _id: 'underscore@1.3.3',
134 silly install resolved     dependencies: {},
134 silly install resolved     devDependencies: {},
134 silly install resolved     optionalDependencies: {},
134 silly install resolved     engines: { node: '*' },
134 silly install resolved     _engineSupported: true,
134 silly install resolved     _npmVersion: '1.1.1',
134 silly install resolved     _nodeVersion: 'v0.6.11',
134 silly install resolved     _defaultsLoaded: true,
134 silly install resolved     dist:
134 silly install resolved      { shasum: '47ac53683daf832bfa952e1774417da47817ae42',
134 silly install resolved        tarball: 'http://registry.npmjs.org/underscore/-/underscore-1.3.3.tgz' },
134 silly install resolved     maintainers: [ [Object], [Object] ],
134 silly install resolved     directories: {},
134 silly install resolved     _shasum: '47ac53683daf832bfa952e1774417da47817ae42',
134 silly install resolved     _resolved: 'https://registry.npmjs.org/underscore/-/underscore-1.3.3.tgz',
134 silly install resolved     _from: 'underscore@1.3.3',
134 silly install resolved     bugs: { url: 'https://github.com/documentcloud/underscore/issues' },
134 silly install resolved     readme: 'ERROR: No README data found!' } ]
135 info install ws@0.4.31 into /usr/local/lib/node_modules/webkit-devtools-agent
136 info install underscore@1.3.3 into /usr/local/lib/node_modules/webkit-devtools-agent
137 info installOne ws@0.4.31
138 verbose installOne of ws to /usr/local/lib/node_modules/webkit-devtools-agent not in flight; installing
139 info installOne underscore@1.3.3
140 verbose installOne of underscore to /usr/local/lib/node_modules/webkit-devtools-agent not in flight; installing
141 verbose lock using /home/kmitchel/.npm/_locks/ws-1fe1a7f0ebce73a5.lock for /usr/local/lib/node_modules/webkit-devtools-agent/node_modules/ws
142 verbose lock using /home/kmitchel/.npm/_locks/underscore-da529c3e418df1bc.lock for /usr/local/lib/node_modules/webkit-devtools-agent/node_modules/underscore
143 silly install write writing ws 0.4.31 to /usr/local/lib/node_modules/webkit-devtools-agent/node_modules/ws
144 silly install write writing underscore 1.3.3 to /usr/local/lib/node_modules/webkit-devtools-agent/node_modules/underscore
145 verbose unbuild lib/node_modules/webkit-devtools-agent/node_modules/underscore
146 verbose unbuild lib/node_modules/webkit-devtools-agent/node_modules/ws
147 silly gentlyRm /usr/local/lib/node_modules/webkit-devtools-agent/node_modules/underscore is being purged from base /usr/local
148 verbose gentlyRm don't care about contents; nuking /usr/local/lib/node_modules/webkit-devtools-agent/node_modules/underscore
149 silly gentlyRm /usr/local/lib/node_modules/webkit-devtools-agent/node_modules/ws is being purged from base /usr/local
150 verbose gentlyRm don't care about contents; nuking /usr/local/lib/node_modules/webkit-devtools-agent/node_modules/ws
151 verbose tar unpack /home/kmitchel/.npm/underscore/1.3.3/package.tgz
152 verbose tar unpacking to /usr/local/lib/node_modules/webkit-devtools-agent/node_modules/underscore
153 silly gentlyRm /usr/local/lib/node_modules/webkit-devtools-agent/node_modules/underscore is being purged
154 verbose gentlyRm don't care about contents; nuking /usr/local/lib/node_modules/webkit-devtools-agent/node_modules/underscore
155 verbose tar unpack /home/kmitchel/.npm/ws/0.4.31/package.tgz
156 verbose tar unpacking to /usr/local/lib/node_modules/webkit-devtools-agent/node_modules/ws
157 silly gentlyRm /usr/local/lib/node_modules/webkit-devtools-agent/node_modules/ws is being purged
158 verbose gentlyRm don't care about contents; nuking /usr/local/lib/node_modules/webkit-devtools-agent/node_modules/ws
159 silly gunzTarPerm modes [ '755', '644' ]
160 silly gunzTarPerm modes [ '755', '644' ]
161 silly gunzTarPerm extractEntry .npmignore
162 silly gunzTarPerm extractEntry package.json
163 silly gunzTarPerm extractEntry CNAME
164 silly gunzTarPerm extractEntry favicon.ico
165 silly gunzTarPerm extractEntry .npmignore
166 silly gunzTarPerm extractEntry README.md
167 silly gunzTarPerm extractEntry index.html
168 silly gunzTarPerm extractEntry index.js
169 silly gunzTarPerm extractEntry index.js
170 silly gunzTarPerm extractEntry test/BufferPool.test.js
171 silly gunzTarPerm extractEntry LICENSE
172 silly gunzTarPerm extractEntry package.json
173 silly gunzTarPerm extractEntry test/Sender.hixie.test.js
174 silly gunzTarPerm extractEntry test/Sender.test.js
175 silly gunzTarPerm extractEntry test/Validation.test.js
176 silly gunzTarPerm extractEntry test/Receiver.test.js
177 silly gunzTarPerm extractEntry test/Receiver.hixie.test.js
178 silly gunzTarPerm extractEntry test/WebSocketServer.test.js
179 silly gunzTarPerm extractEntry test/autobahn-server.js
180 silly gunzTarPerm extractEntry test/autobahn.js
181 silly gunzTarPerm extractEntry test/hybi-common.js
182 silly gunzTarPerm extractEntry test/WebSocket.integration.js
183 silly gunzTarPerm extractEntry test/testserver.js
184 silly gunzTarPerm extractEntry test/WebSocket.test.js
185 silly gunzTarPerm extractEntry test/fixtures/agent1-cert.pem
186 silly gunzTarPerm extractEntry test/fixtures/agent1-key.pem
187 silly gunzTarPerm extractEntry test/fixtures/ca1-cert.pem
188 silly gunzTarPerm extractEntry test/fixtures/ca1-key.pem
189 silly gunzTarPerm extractEntry test/fixtures/certificate.pem
190 silly gunzTarPerm extractEntry test/fixtures/key.pem
191 silly gunzTarPerm extractEntry test/fixtures/request.pem
192 silly gunzTarPerm extractEntry test/fixtures/textfile
193 silly gunzTarPerm extractEntry bench/parser.benchmark.js
194 silly gunzTarPerm extractEntry bench/sender.benchmark.js
195 silly gunzTarPerm extractEntry bench/speed.js
196 silly gunzTarPerm extractEntry bench/util.js
197 silly gunzTarPerm extractEntry bin/wscat
198 silly gunzTarPerm extractEntry .travis.yml
199 silly gunzTarPerm extractEntry doc/ws.md
200 silly gunzTarPerm extractEntry examples/ssl.js
201 silly gunzTarPerm extractEntry examples/fileapi/package.json
202 silly gunzTarPerm extractEntry examples/fileapi/.npmignore
203 silly gunzTarPerm extractEntry examples/fileapi/server.js
204 silly gunzTarPerm extractEntry examples/fileapi/public/app.js
205 silly gunzTarPerm extractEntry examples/fileapi/public/uploader.js
206 silly gunzTarPerm extractEntry examples/fileapi/public/index.html
207 silly gunzTarPerm extractEntry examples/serverstats/package.json
208 silly gunzTarPerm extractEntry examples/serverstats/server.js
209 silly gunzTarPerm extractEntry examples/serverstats/public/index.html
210 silly gunzTarPerm extractEntry examples/serverstats-express_3/package.json
211 silly gunzTarPerm extractEntry examples/serverstats-express_3/server.js
212 silly gunzTarPerm extractEntry examples/serverstats-express_3/public/index.html
213 silly gunzTarPerm extractEntry History.md
214 silly gunzTarPerm extractEntry lib/BufferPool.js
215 silly gunzTarPerm extractEntry lib/ErrorCodes.js
216 silly gunzTarPerm extractEntry lib/Receiver.hixie.js
217 silly gunzTarPerm extractEntry lib/Receiver.js
218 silly gunzTarPerm extractEntry lib/BufferUtil.js
219 silly gunzTarPerm extractEntry lib/Sender.js
220 silly gunzTarPerm extractEntry lib/Validation.fallback.js
221 silly gunzTarPerm extractEntry lib/Validation.js
222 silly gunzTarPerm extractEntry lib/WebSocket.js
223 silly gunzTarPerm extractEntry lib/WebSocketServer.js
224 silly gunzTarPerm extractEntry lib/BufferUtil.fallback.js
225 silly gunzTarPerm extractEntry lib/browser.js
226 silly gunzTarPerm extractEntry lib/Sender.hixie.js
227 silly gunzTarPerm extractEntry Makefile
228 silly gunzTarPerm extractEntry src/bufferutil.cc
229 silly gunzTarPerm extractEntry src/validation.cc
230 silly gunzTarPerm extractEntry binding.gyp
231 silly gunzTarPerm extractEntry raw/
232 silly gunzTarPerm extractEntry raw/underscore.psd
233 silly gunzTarPerm extractEntry README.md
234 silly gunzTarPerm extractEntry underscore-min.js
235 silly gunzTarPerm extractEntry underscore.js
236 verbose write writing to /usr/local/lib/node_modules/webkit-devtools-agent/node_modules/underscore/package.json
237 info preinstall underscore@1.3.3
238 verbose readDependencies loading dependencies from /usr/local/lib/node_modules/webkit-devtools-agent/node_modules/underscore/package.json
239 verbose readDependencies loading dependencies from /usr/local/lib/node_modules/webkit-devtools-agent/node_modules/underscore/package.json
240 silly install resolved []
241 verbose about to build /usr/local/lib/node_modules/webkit-devtools-agent/node_modules/underscore
242 info build /usr/local/lib/node_modules/webkit-devtools-agent/node_modules/underscore
243 info linkStuff underscore@1.3.3
244 silly linkStuff underscore@1.3.3 has /usr/local/lib/node_modules/webkit-devtools-agent/node_modules as its parent node_modules
245 silly linkStuff underscore@1.3.3 is part of a global install
246 silly linkStuff underscore@1.3.3 is installed into a global node_modules
247 verbose linkBins underscore@1.3.3
248 verbose linkMans underscore@1.3.3
249 verbose rebuildBundles underscore@1.3.3
250 info install underscore@1.3.3
251 info postinstall underscore@1.3.3
252 verbose unlock done using /home/kmitchel/.npm/_locks/underscore-da529c3e418df1bc.lock for /usr/local/lib/node_modules/webkit-devtools-agent/node_modules/underscore
253 verbose write writing to /usr/local/lib/node_modules/webkit-devtools-agent/node_modules/ws/package.json
254 info preinstall ws@0.4.31
255 verbose readDependencies loading dependencies from /usr/local/lib/node_modules/webkit-devtools-agent/node_modules/ws/package.json
256 silly prepareForInstallMany adding commander@~0.6.1 from ws dependencies
257 silly prepareForInstallMany adding nan@~0.3.0 from ws dependencies
258 silly prepareForInstallMany adding tinycolor@0.x from ws dependencies
259 silly prepareForInstallMany adding options@>=0.0.5 from ws dependencies
260 verbose readDependencies loading dependencies from /usr/local/lib/node_modules/webkit-devtools-agent/node_modules/ws/package.json
261 silly cache add args [ 'commander@~0.6.1', null ]
262 verbose cache add spec commander@~0.6.1
263 silly cache add args [ 'nan@~0.3.0', null ]
264 verbose cache add spec nan@~0.3.0
265 silly cache add parsed spec { raw: 'commander@~0.6.1',
265 silly cache add   scope: null,
265 silly cache add   name: 'commander',
265 silly cache add   rawSpec: '~0.6.1',
265 silly cache add   spec: '>=0.6.1 <0.7.0',
265 silly cache add   type: 'range' }
266 silly addNamed commander@>=0.6.1 <0.7.0
267 verbose addNamed ">=0.6.1 <0.7.0" is a valid semver range for commander
268 silly addNameRange { name: 'commander', range: '>=0.6.1 <0.7.0', hasData: false }
269 silly mapToRegistry name commander
270 silly mapToRegistry using default registry
271 silly mapToRegistry registry https://registry.npmjs.org/
272 silly mapToRegistry uri https://registry.npmjs.org/commander
273 verbose addNameRange registry:https://registry.npmjs.org/commander not in flight; fetching
274 silly cache add parsed spec { raw: 'nan@~0.3.0',
274 silly cache add   scope: null,
274 silly cache add   name: 'nan',
274 silly cache add   rawSpec: '~0.3.0',
274 silly cache add   spec: '>=0.3.0 <0.4.0',
274 silly cache add   type: 'range' }
275 silly addNamed nan@>=0.3.0 <0.4.0
276 verbose addNamed ">=0.3.0 <0.4.0" is a valid semver range for nan
277 silly addNameRange { name: 'nan', range: '>=0.3.0 <0.4.0', hasData: false }
278 silly mapToRegistry name nan
279 silly mapToRegistry using default registry
280 silly mapToRegistry registry https://registry.npmjs.org/
281 silly mapToRegistry uri https://registry.npmjs.org/nan
282 verbose addNameRange registry:https://registry.npmjs.org/nan not in flight; fetching
283 silly cache add args [ 'tinycolor@0.x', null ]
284 verbose cache add spec tinycolor@0.x
285 silly cache add parsed spec { raw: 'tinycolor@0.x',
285 silly cache add   scope: null,
285 silly cache add   name: 'tinycolor',
285 silly cache add   rawSpec: '0.x',
285 silly cache add   spec: '>=0.0.0 <1.0.0',
285 silly cache add   type: 'range' }
286 silly addNamed tinycolor@>=0.0.0 <1.0.0
287 verbose addNamed ">=0.0.0 <1.0.0" is a valid semver range for tinycolor
288 silly addNameRange { name: 'tinycolor', range: '>=0.0.0 <1.0.0', hasData: false }
289 silly mapToRegistry name tinycolor
290 silly mapToRegistry using default registry
291 silly mapToRegistry registry https://registry.npmjs.org/
292 silly mapToRegistry uri https://registry.npmjs.org/tinycolor
293 verbose addNameRange registry:https://registry.npmjs.org/tinycolor not in flight; fetching
294 silly cache add args [ 'options@>=0.0.5', null ]
295 verbose cache add spec options@>=0.0.5
296 silly cache add parsed spec { raw: 'options@>=0.0.5',
296 silly cache add   scope: null,
296 silly cache add   name: 'options',
296 silly cache add   rawSpec: '>=0.0.5',
296 silly cache add   spec: '>=0.0.5',
296 silly cache add   type: 'range' }
297 silly addNamed options@>=0.0.5
298 verbose addNamed ">=0.0.5" is a valid semver range for options
299 silly addNameRange { name: 'options', range: '>=0.0.5', hasData: false }
300 silly mapToRegistry name options
301 silly mapToRegistry using default registry
302 silly mapToRegistry registry https://registry.npmjs.org/
303 silly mapToRegistry uri https://registry.npmjs.org/options
304 verbose addNameRange registry:https://registry.npmjs.org/options not in flight; fetching
305 verbose request uri https://registry.npmjs.org/commander
306 verbose request no auth needed
307 info attempt registry request try #1 at 7:45:57 PM
308 verbose etag "14WMMQ2C869J38G6TKQG6ANGN"
309 http request GET https://registry.npmjs.org/commander
310 verbose request uri https://registry.npmjs.org/nan
311 verbose request no auth needed
312 info attempt registry request try #1 at 7:45:57 PM
313 verbose etag "9T2TEINHQE1CYR42PWQNCEY3X"
314 http request GET https://registry.npmjs.org/nan
315 verbose request uri https://registry.npmjs.org/tinycolor
316 verbose request no auth needed
317 info attempt registry request try #1 at 7:45:57 PM
318 verbose etag "7Q55AK0YV957DH6ZT14LNQOJW"
319 http request GET https://registry.npmjs.org/tinycolor
320 verbose request uri https://registry.npmjs.org/options
321 verbose request no auth needed
322 info attempt registry request try #1 at 7:45:57 PM
323 verbose etag "7ORP99NHTFG329ZZWKJCRT1MV"
324 http request GET https://registry.npmjs.org/options
325 http 304 https://registry.npmjs.org/nan
326 silly get cb [ 304,
326 silly get   { date: 'Sun, 26 Jul 2015 23:45:57 GMT',
326 silly get     via: '1.1 varnish',
326 silly get     'cache-control': 'max-age=60',
326 silly get     etag: '"9T2TEINHQE1CYR42PWQNCEY3X"',
326 silly get     age: '6',
326 silly get     connection: 'keep-alive',
326 silly get     'x-served-by': 'cache-iad2138-IAD',
326 silly get     'x-cache': 'HIT',
326 silly get     'x-cache-hits': '1',
326 silly get     'x-timer': 'S1437954357.194088,VS0,VE0',
326 silly get     vary: 'Accept' } ]
327 verbose etag https://registry.npmjs.org/nan from cache
328 verbose get saving nan to /home/kmitchel/.npm/registry.npmjs.org/nan/.cache.json
329 http 304 https://registry.npmjs.org/commander
330 silly get cb [ 304,
330 silly get   { date: 'Sun, 26 Jul 2015 23:45:57 GMT',
330 silly get     via: '1.1 varnish',
330 silly get     'cache-control': 'max-age=60',
330 silly get     etag: '"14WMMQ2C869J38G6TKQG6ANGN"',
330 silly get     age: '30',
330 silly get     connection: 'keep-alive',
330 silly get     'x-served-by': 'cache-iad2146-IAD',
330 silly get     'x-cache': 'HIT',
330 silly get     'x-cache-hits': '1',
330 silly get     'x-timer': 'S1437954357.200885,VS0,VE0',
330 silly get     vary: 'Accept' } ]
331 verbose etag https://registry.npmjs.org/commander from cache
332 verbose get saving commander to /home/kmitchel/.npm/registry.npmjs.org/commander/.cache.json
333 http 304 https://registry.npmjs.org/tinycolor
334 silly get cb [ 304,
334 silly get   { date: 'Sun, 26 Jul 2015 23:45:57 GMT',
334 silly get     via: '1.1 varnish',
334 silly get     'cache-control': 'max-age=60',
334 silly get     etag: '"7Q55AK0YV957DH6ZT14LNQOJW"',
334 silly get     age: '38',
334 silly get     connection: 'keep-alive',
334 silly get     'x-served-by': 'cache-iad2130-IAD',
334 silly get     'x-cache': 'HIT',
334 silly get     'x-cache-hits': '1',
334 silly get     'x-timer': 'S1437954357.218041,VS0,VE0',
334 silly get     vary: 'Accept' } ]
335 verbose etag https://registry.npmjs.org/tinycolor from cache
336 verbose get saving tinycolor to /home/kmitchel/.npm/registry.npmjs.org/tinycolor/.cache.json
337 silly addNameRange number 2 { name: 'nan', range: '>=0.3.0 <0.4.0', hasData: true }
338 silly addNameRange versions [ 'nan',
338 silly addNameRange   [ '0.3.0-wip',
338 silly addNameRange     '0.3.0-wip2',
338 silly addNameRange     '0.3.0',
338 silly addNameRange     '0.3.1',
338 silly addNameRange     '0.3.2',
338 silly addNameRange     '0.4.0',
338 silly addNameRange     '0.4.1',
338 silly addNameRange     '0.4.2',
338 silly addNameRange     '0.4.3',
338 silly addNameRange     '0.4.4',
338 silly addNameRange     '0.5.0',
338 silly addNameRange     '0.5.1',
338 silly addNameRange     '0.5.2',
338 silly addNameRange     '0.6.0',
338 silly addNameRange     '0.7.0',
338 silly addNameRange     '0.7.1',
338 silly addNameRange     '0.8.0',
338 silly addNameRange     '1.0.0',
338 silly addNameRange     '1.1.0',
338 silly addNameRange     '1.1.1',
338 silly addNameRange     '1.1.2',
338 silly addNameRange     '1.2.0',
338 silly addNameRange     '1.3.0',
338 silly addNameRange     '1.4.0',
338 silly addNameRange     '1.4.1',
338 silly addNameRange     '1.5.0',
338 silly addNameRange     '1.4.2',
338 silly addNameRange     '1.4.3',
338 silly addNameRange     '1.5.1',
338 silly addNameRange     '1.5.2',
338 silly addNameRange     '1.6.0',
338 silly addNameRange     '1.5.3',
338 silly addNameRange     '1.6.1',
338 silly addNameRange     '1.6.2',
338 silly addNameRange     '1.7.0',
338 silly addNameRange     '1.8.0',
338 silly addNameRange     '1.8.1',
338 silly addNameRange     '1.8.2',
338 silly addNameRange     '1.8.3',
338 silly addNameRange     '1.8.4' ] ]
339 silly addNamed nan@0.3.2
340 verbose addNamed "0.3.2" is a plain semver version for nan
341 silly addNameRange number 2 { name: 'commander', range: '>=0.6.1 <0.7.0', hasData: true }
342 silly addNameRange versions [ 'commander',
342 silly addNameRange   [ '0.0.1',
342 silly addNameRange     '0.0.3',
342 silly addNameRange     '0.0.4',
342 silly addNameRange     '0.0.5',
342 silly addNameRange     '0.1.0',
342 silly addNameRange     '0.2.0',
342 silly addNameRange     '0.2.1',
342 silly addNameRange     '0.3.0',
342 silly addNameRange     '0.3.1',
342 silly addNameRange     '0.3.2',
342 silly addNameRange     '0.3.3',
342 silly addNameRange     '0.4.0',
342 silly addNameRange     '0.4.1',
342 silly addNameRange     '0.4.2',
342 silly addNameRange     '0.4.3',
342 silly addNameRange     '0.5.0',
342 silly addNameRange     '0.5.1',
342 silly addNameRange     '0.6.0',
342 silly addNameRange     '0.6.1',
342 silly addNameRange     '0.5.2',
342 silly addNameRange     '1.0.0',
342 silly addNameRange     '1.0.1',
342 silly addNameRange     '1.0.2',
342 silly addNameRange     '1.0.3',
342 silly addNameRange     '1.0.4',
342 silly addNameRange     '1.0.5',
342 silly addNameRange     '1.1.0',
342 silly addNameRange     '1.1.1',
342 silly addNameRange     '1.2.0',
342 silly addNameRange     '1.3.0',
342 silly addNameRange     '1.3.1',
342 silly addNameRange     '1.3.2',
342 silly addNameRange     '2.0.0',
342 silly addNameRange     '2.1.0',
342 silly addNameRange     '2.2.0',
342 silly addNameRange     '2.3.0',
342 silly addNameRange     '2.4.0',
342 silly addNameRange     '2.5.0',
342 silly addNameRange     '2.5.1',
342 silly addNameRange     '2.6.0',
342 silly addNameRange     '2.7.0',
342 silly addNameRange     '2.7.1',
342 silly addNameRange     '2.8.0',
342 silly addNameRange     '2.8.1' ] ]
343 silly addNamed commander@0.6.1
344 verbose addNamed "0.6.1" is a plain semver version for commander
345 http 304 https://registry.npmjs.org/options
346 silly get cb [ 304,
346 silly get   { date: 'Sun, 26 Jul 2015 23:45:57 GMT',
346 silly get     via: '1.1 varnish',
346 silly get     'cache-control': 'max-age=60',
346 silly get     etag: '"7ORP99NHTFG329ZZWKJCRT1MV"',
346 silly get     age: '58',
346 silly get     connection: 'keep-alive',
346 silly get     'x-served-by': 'cache-iad2127-IAD',
346 silly get     'x-cache': 'HIT',
346 silly get     'x-cache-hits': '2',
346 silly get     'x-timer': 'S1437954357.236066,VS0,VE0',
346 silly get     vary: 'Accept' } ]
347 verbose etag https://registry.npmjs.org/options from cache
348 verbose get saving options to /home/kmitchel/.npm/registry.npmjs.org/options/.cache.json
349 silly addNameRange number 2 { name: 'tinycolor', range: '>=0.0.0 <1.0.0', hasData: true }
350 silly addNameRange versions [ 'tinycolor', [ '0.0.1' ] ]
351 silly addNamed tinycolor@0.0.1
352 verbose addNamed "0.0.1" is a plain semver version for tinycolor
353 silly cache afterAdd nan@0.3.2
354 verbose afterAdd /home/kmitchel/.npm/nan/0.3.2/package/package.json not in flight; writing
355 silly cache afterAdd commander@0.6.1
356 verbose afterAdd /home/kmitchel/.npm/commander/0.6.1/package/package.json not in flight; writing
357 silly addNameRange number 2 { name: 'options', range: '>=0.0.5', hasData: true }
358 silly addNameRange versions [ 'options',
358 silly addNameRange   [ '0.0.1', '0.0.2', '0.0.3', '0.0.4', '0.0.5', '0.0.6' ] ]
359 silly addNamed options@0.0.6
360 verbose addNamed "0.0.6" is a plain semver version for options
361 silly cache afterAdd tinycolor@0.0.1
362 verbose afterAdd /home/kmitchel/.npm/tinycolor/0.0.1/package/package.json not in flight; writing
363 verbose afterAdd /home/kmitchel/.npm/nan/0.3.2/package/package.json written
364 verbose afterAdd /home/kmitchel/.npm/commander/0.6.1/package/package.json written
365 verbose afterAdd /home/kmitchel/.npm/tinycolor/0.0.1/package/package.json written
366 silly cache afterAdd options@0.0.6
367 verbose afterAdd /home/kmitchel/.npm/options/0.0.6/package/package.json not in flight; writing
368 verbose afterAdd /home/kmitchel/.npm/options/0.0.6/package/package.json written
369 silly install resolved [ { name: 'nan',
369 silly install resolved     version: '0.3.2',
369 silly install resolved     description: 'Native Abstractions for Node.js: C++ header for Node 0.8->0.12 compatibility',
369 silly install resolved     main: '.index.js',
369 silly install resolved     repository: { type: 'git', url: 'git://github.com/rvagg/nan.git' },
369 silly install resolved     contributors: [ [Object], [Object], [Object] ],
369 silly install resolved     license: 'MIT',
369 silly install resolved     bugs: { url: 'https://github.com/rvagg/nan/issues' },
369 silly install resolved     _id: 'nan@0.3.2',
369 silly install resolved     dist:
369 silly install resolved      { shasum: '0df1935cab15369075ef160ad2894107aa14dc2d',
369 silly install resolved        tarball: 'http://registry.npmjs.org/nan/-/nan-0.3.2.tgz' },
369 silly install resolved     _from: 'nan@>=0.3.0 <0.4.0',
369 silly install resolved     _npmVersion: '1.3.8',
369 silly install resolved     _npmUser: { name: 'rvagg', email: 'rod@vagg.org' },
369 silly install resolved     maintainers: [ [Object] ],
369 silly install resolved     directories: {},
369 silly install resolved     _shasum: '0df1935cab15369075ef160ad2894107aa14dc2d',
369 silly install resolved     _resolved: 'https://registry.npmjs.org/nan/-/nan-0.3.2.tgz',
369 silly install resolved     readme: 'ERROR: No README data found!',
369 silly install resolved     homepage: 'https://github.com/rvagg/nan#readme' },
369 silly install resolved   { name: 'commander',
369 silly install resolved     version: '0.6.1',
369 silly install resolved     description: 'the complete solution for node.js command-line programs',
369 silly install resolved     keywords: [ 'command', 'option', 'parser', 'prompt', 'stdin' ],
369 silly install resolved     author: { name: 'TJ Holowaychuk', email: 'tj@vision-media.ca' },
369 silly install resolved     repository:
369 silly install resolved      { type: 'git',
369 silly install resolved        url: 'git://github.com/visionmedia/commander.js.git' },
369 silly install resolved     dependencies: {},
369 silly install resolved     devDependencies: { should: '>= 0.0.1' },
369 silly install resolved     scripts: { test: 'make test' },
369 silly install resolved     main: 'index',
369 silly install resolved     engines: { node: '>= 0.4.x' },
369 silly install resolved     _npmUser: { name: 'tjholowaychuk', email: 'tj@vision-media.ca' },
369 silly install resolved     _id: 'commander@0.6.1',
369 silly install resolved     optionalDependencies: {},
369 silly install resolved     _engineSupported: true,
369 silly install resolved     _npmVersion: '1.1.0-3',
369 silly install resolved     _nodeVersion: 'v0.6.12',
369 silly install resolved     _defaultsLoaded: true,
369 silly install resolved     dist:
369 silly install resolved      { shasum: 'fa68a14f6a945d54dbbe50d8cdb3320e9e3b1a06',
369 silly install resolved        tarball: 'http://registry.npmjs.org/commander/-/commander-0.6.1.tgz' },
369 silly install resolved     maintainers: [ [Object] ],
369 silly install resolved     directories: {},
369 silly install resolved     _shasum: 'fa68a14f6a945d54dbbe50d8cdb3320e9e3b1a06',
369 silly install resolved     _resolved: 'https://registry.npmjs.org/commander/-/commander-0.6.1.tgz',
369 silly install resolved     _from: 'commander@>=0.6.1 <0.7.0',
369 silly install resolved     bugs: { url: 'https://github.com/visionmedia/commander.js/issues' },
369 silly install resolved     readme: 'ERROR: No README data found!',
369 silly install resolved     homepage: 'https://github.com/visionmedia/commander.js#readme' },
369 silly install resolved   { author:
369 silly install resolved      { name: 'Einar Otto Stangvik',
369 silly install resolved        email: 'einaros@gmail.com',
369 silly install resolved        url: 'http://2x.io' },
369 silly install resolved     name: 'tinycolor',
369 silly install resolved     description: 'a to-the-point color module for node',
369 silly install resolved     version: '0.0.1',
369 silly install resolved     repository: { type: 'git', url: 'git://github.com/einaros/tinycolor.git' },
369 silly install resolved     engines: { node: '>=0.4.0' },
369 silly install resolved     dependencies: {},
369 silly install resolved     devDependencies: {},
369 silly install resolved     main: 'tinycolor',
369 silly install resolved     _npmUser: { name: 'einaros', email: 'einaros@gmail.com' },
369 silly install resolved     _id: 'tinycolor@0.0.1',
369 silly install resolved     _engineSupported: true,
369 silly install resolved     _npmVersion: '1.1.0-alpha-6',
369 silly install resolved     _nodeVersion: 'v0.6.5',
369 silly install resolved     _defaultsLoaded: true,
369 silly install resolved     dist:
369 silly install resolved      { shasum: '320b5a52d83abb5978d81a3e887d4aefb15a6164',
369 silly install resolved        tarball: 'http://registry.npmjs.org/tinycolor/-/tinycolor-0.0.1.tgz' },
369 silly install resolved     maintainers: [ [Object] ],
369 silly install resolved     directories: {},
369 silly install resolved     _shasum: '320b5a52d83abb5978d81a3e887d4aefb15a6164',
369 silly install resolved     _resolved: 'https://registry.npmjs.org/tinycolor/-/tinycolor-0.0.1.tgz',
369 silly install resolved     _from: 'tinycolor@>=0.0.0 <1.0.0',
369 silly install resolved     bugs: { url: 'https://github.com/einaros/tinycolor/issues' },
369 silly install resolved     readme: 'ERROR: No README data found!',
369 silly install resolved     homepage: 'https://github.com/einaros/tinycolor#readme' },
369 silly install resolved   { author:
369 silly install resolved      { name: 'Einar Otto Stangvik',
369 silly install resolved        email: 'einaros@gmail.com',
369 silly install resolved        url: 'http://2x.io' },
369 silly install resolved     name: 'options',
369 silly install resolved     description: 'A very light-weight in-code option parsers for node.js.',
369 silly install resolved     version: '0.0.6',
369 silly install resolved     repository: { type: 'git', url: 'git://github.com/einaros/options.js.git' },
369 silly install resolved     main: 'lib/options',
369 silly install resolved     scripts: { test: 'make test' },
369 silly install resolved     engines: { node: '>=0.4.0' },
369 silly install resolved     dependencies: {},
369 silly install resolved     devDependencies: { mocha: 'latest' },
369 silly install resolved     gitHead: 'ff53d0a092c897cb95964232a96fe17da65c11af',
369 silly install resolved     bugs: { url: 'https://github.com/einaros/options.js/issues' },
369 silly install resolved     homepage: 'https://github.com/einaros/options.js',
369 silly install resolved     _id: 'options@0.0.6',
369 silly install resolved     _shasum: 'ec22d312806bb53e731773e7cdaefcf1c643128f',
369 silly install resolved     _from: 'options@>=0.0.5',
369 silly install resolved     _npmVersion: '1.4.21',
369 silly install resolved     _npmUser: { name: 'einaros', email: 'einaros@gmail.com' },
369 silly install resolved     maintainers: [ [Object] ],
369 silly install resolved     dist:
369 silly install resolved      { shasum: 'ec22d312806bb53e731773e7cdaefcf1c643128f',
369 silly install resolved        tarball: 'http://registry.npmjs.org/options/-/options-0.0.6.tgz' },
369 silly install resolved     directories: {},
369 silly install resolved     _resolved: 'https://registry.npmjs.org/options/-/options-0.0.6.tgz',
369 silly install resolved     readme: 'ERROR: No README data found!' } ]
370 info install nan@0.3.2 into /usr/local/lib/node_modules/webkit-devtools-agent/node_modules/ws
371 info install commander@0.6.1 into /usr/local/lib/node_modules/webkit-devtools-agent/node_modules/ws
372 info install tinycolor@0.0.1 into /usr/local/lib/node_modules/webkit-devtools-agent/node_modules/ws
373 info install options@0.0.6 into /usr/local/lib/node_modules/webkit-devtools-agent/node_modules/ws
374 info installOne nan@0.3.2
375 verbose installOne of nan to /usr/local/lib/node_modules/webkit-devtools-agent/node_modules/ws not in flight; installing
376 info installOne commander@0.6.1
377 verbose installOne of commander to /usr/local/lib/node_modules/webkit-devtools-agent/node_modules/ws not in flight; installing
378 info installOne tinycolor@0.0.1
379 verbose installOne of tinycolor to /usr/local/lib/node_modules/webkit-devtools-agent/node_modules/ws not in flight; installing
380 info installOne options@0.0.6
381 verbose installOne of options to /usr/local/lib/node_modules/webkit-devtools-agent/node_modules/ws not in flight; installing
382 verbose lock using /home/kmitchel/.npm/_locks/nan-582df43a29fb0376.lock for /usr/local/lib/node_modules/webkit-devtools-agent/node_modules/ws/node_modules/nan
383 verbose lock using /home/kmitchel/.npm/_locks/commander-f271e49652313461.lock for /usr/local/lib/node_modules/webkit-devtools-agent/node_modules/ws/node_modules/commander
384 verbose lock using /home/kmitchel/.npm/_locks/tinycolor-8101c3a6949d6f3b.lock for /usr/local/lib/node_modules/webkit-devtools-agent/node_modules/ws/node_modules/tinycolor
385 verbose lock using /home/kmitchel/.npm/_locks/options-cbeaf8368e740b2a.lock for /usr/local/lib/node_modules/webkit-devtools-agent/node_modules/ws/node_modules/options
386 silly install write writing nan 0.3.2 to /usr/local/lib/node_modules/webkit-devtools-agent/node_modules/ws/node_modules/nan
387 silly install write writing commander 0.6.1 to /usr/local/lib/node_modules/webkit-devtools-agent/node_modules/ws/node_modules/commander
388 silly install write writing tinycolor 0.0.1 to /usr/local/lib/node_modules/webkit-devtools-agent/node_modules/ws/node_modules/tinycolor
389 silly install write writing options 0.0.6 to /usr/local/lib/node_modules/webkit-devtools-agent/node_modules/ws/node_modules/options
390 verbose unbuild lib/node_modules/webkit-devtools-agent/node_modules/ws/node_modules/nan
391 verbose unbuild lib/node_modules/webkit-devtools-agent/node_modules/ws/node_modules/commander
392 verbose unbuild lib/node_modules/webkit-devtools-agent/node_modules/ws/node_modules/tinycolor
393 verbose unbuild lib/node_modules/webkit-devtools-agent/node_modules/ws/node_modules/options
394 silly gentlyRm /usr/local/lib/node_modules/webkit-devtools-agent/node_modules/ws/node_modules/nan is being purged from base /usr/local
395 verbose gentlyRm don't care about contents; nuking /usr/local/lib/node_modules/webkit-devtools-agent/node_modules/ws/node_modules/nan
396 silly gentlyRm /usr/local/lib/node_modules/webkit-devtools-agent/node_modules/ws/node_modules/commander is being purged from base /usr/local
397 verbose gentlyRm don't care about contents; nuking /usr/local/lib/node_modules/webkit-devtools-agent/node_modules/ws/node_modules/commander
398 silly gentlyRm /usr/local/lib/node_modules/webkit-devtools-agent/node_modules/ws/node_modules/tinycolor is being purged from base /usr/local
399 verbose gentlyRm don't care about contents; nuking /usr/local/lib/node_modules/webkit-devtools-agent/node_modules/ws/node_modules/tinycolor
400 silly gentlyRm /usr/local/lib/node_modules/webkit-devtools-agent/node_modules/ws/node_modules/options is being purged from base /usr/local
401 verbose gentlyRm don't care about contents; nuking /usr/local/lib/node_modules/webkit-devtools-agent/node_modules/ws/node_modules/options
402 verbose tar unpack /home/kmitchel/.npm/nan/0.3.2/package.tgz
403 verbose tar unpacking to /usr/local/lib/node_modules/webkit-devtools-agent/node_modules/ws/node_modules/nan
404 silly gentlyRm /usr/local/lib/node_modules/webkit-devtools-agent/node_modules/ws/node_modules/nan is being purged
405 verbose gentlyRm don't care about contents; nuking /usr/local/lib/node_modules/webkit-devtools-agent/node_modules/ws/node_modules/nan
406 verbose tar unpack /home/kmitchel/.npm/commander/0.6.1/package.tgz
407 verbose tar unpacking to /usr/local/lib/node_modules/webkit-devtools-agent/node_modules/ws/node_modules/commander
408 silly gentlyRm /usr/local/lib/node_modules/webkit-devtools-agent/node_modules/ws/node_modules/commander is being purged
409 verbose gentlyRm don't care about contents; nuking /usr/local/lib/node_modules/webkit-devtools-agent/node_modules/ws/node_modules/commander
410 verbose tar unpack /home/kmitchel/.npm/tinycolor/0.0.1/package.tgz
411 verbose tar unpacking to /usr/local/lib/node_modules/webkit-devtools-agent/node_modules/ws/node_modules/tinycolor
412 silly gentlyRm /usr/local/lib/node_modules/webkit-devtools-agent/node_modules/ws/node_modules/tinycolor is being purged
413 verbose gentlyRm don't care about contents; nuking /usr/local/lib/node_modules/webkit-devtools-agent/node_modules/ws/node_modules/tinycolor
414 verbose tar unpack /home/kmitchel/.npm/options/0.0.6/package.tgz
415 verbose tar unpacking to /usr/local/lib/node_modules/webkit-devtools-agent/node_modules/ws/node_modules/options
416 silly gentlyRm /usr/local/lib/node_modules/webkit-devtools-agent/node_modules/ws/node_modules/options is being purged
417 verbose gentlyRm don't care about contents; nuking /usr/local/lib/node_modules/webkit-devtools-agent/node_modules/ws/node_modules/options
418 silly gunzTarPerm modes [ '755', '644' ]
419 silly gunzTarPerm modes [ '755', '644' ]
420 silly gunzTarPerm modes [ '755', '644' ]
421 silly gunzTarPerm modes [ '755', '644' ]
422 silly gunzTarPerm extractEntry package.json
423 silly gunzTarPerm extractEntry .npmignore
424 silly gunzTarPerm extractEntry .gitignore
425 silly gunzTarPerm extractEntry package.json
426 silly gunzTarPerm extractEntry README.md
427 silly gunzTarPerm extractEntry LICENSE
428 silly gunzTarPerm extractEntry .index.js
429 silly gunzTarPerm extractEntry nan.h
430 silly gunzTarPerm extractEntry .travis.yml
431 silly gunzTarPerm extractEntry History.md
432 silly gunzTarPerm extractEntry example.js
433 silly gunzTarPerm extractEntry package.json
434 silly gunzTarPerm extractEntry .npmignore
435 silly gunzTarPerm extractEntry README.md
436 silly gunzTarPerm extractEntry index.js
437 silly gunzTarPerm extractEntry lib/
438 silly gunzTarPerm extractEntry README.md
439 silly gunzTarPerm extractEntry tinycolor.js
440 silly gunzTarPerm extractEntry Makefile
441 silly gunzTarPerm extractEntry lib/options.js
442 silly gunzTarPerm extractEntry lib/commander.js
443 silly gunzTarPerm extractEntry Makefile
444 silly gunzTarPerm extractEntry package.json
445 silly gunzTarPerm extractEntry Readme.md
446 verbose write writing to /usr/local/lib/node_modules/webkit-devtools-agent/node_modules/ws/node_modules/tinycolor/package.json
447 info preinstall tinycolor@0.0.1
448 verbose write writing to /usr/local/lib/node_modules/webkit-devtools-agent/node_modules/ws/node_modules/options/package.json
449 verbose readDependencies loading dependencies from /usr/local/lib/node_modules/webkit-devtools-agent/node_modules/ws/node_modules/tinycolor/package.json
450 info preinstall options@0.0.6
451 verbose readDependencies loading dependencies from /usr/local/lib/node_modules/webkit-devtools-agent/node_modules/ws/node_modules/options/package.json
452 verbose readDependencies loading dependencies from /usr/local/lib/node_modules/webkit-devtools-agent/node_modules/ws/node_modules/tinycolor/package.json
453 verbose readDependencies loading dependencies from /usr/local/lib/node_modules/webkit-devtools-agent/node_modules/ws/node_modules/options/package.json
454 silly install resolved []
455 verbose about to build /usr/local/lib/node_modules/webkit-devtools-agent/node_modules/ws/node_modules/tinycolor
456 info build /usr/local/lib/node_modules/webkit-devtools-agent/node_modules/ws/node_modules/tinycolor
457 info linkStuff tinycolor@0.0.1
458 silly linkStuff tinycolor@0.0.1 has /usr/local/lib/node_modules/webkit-devtools-agent/node_modules/ws/node_modules as its parent node_modules
459 silly linkStuff tinycolor@0.0.1 is part of a global install
460 silly linkStuff tinycolor@0.0.1 is installed into a global node_modules
461 silly install resolved []
462 verbose about to build /usr/local/lib/node_modules/webkit-devtools-agent/node_modules/ws/node_modules/options
463 info build /usr/local/lib/node_modules/webkit-devtools-agent/node_modules/ws/node_modules/options
464 info linkStuff options@0.0.6
465 silly linkStuff options@0.0.6 has /usr/local/lib/node_modules/webkit-devtools-agent/node_modules/ws/node_modules as its parent node_modules
466 silly linkStuff options@0.0.6 is part of a global install
467 silly linkStuff options@0.0.6 is installed into a global node_modules
468 verbose linkBins tinycolor@0.0.1
469 verbose linkMans tinycolor@0.0.1
470 verbose rebuildBundles tinycolor@0.0.1
471 info install tinycolor@0.0.1
472 info postinstall tinycolor@0.0.1
473 verbose linkBins options@0.0.6
474 verbose linkMans options@0.0.6
475 verbose rebuildBundles options@0.0.6
476 verbose unlock done using /home/kmitchel/.npm/_locks/tinycolor-8101c3a6949d6f3b.lock for /usr/local/lib/node_modules/webkit-devtools-agent/node_modules/ws/node_modules/tinycolor
477 info install options@0.0.6
478 info postinstall options@0.0.6
479 verbose unlock done using /home/kmitchel/.npm/_locks/options-cbeaf8368e740b2a.lock for /usr/local/lib/node_modules/webkit-devtools-agent/node_modules/ws/node_modules/options
480 verbose write writing to /usr/local/lib/node_modules/webkit-devtools-agent/node_modules/ws/node_modules/commander/package.json
481 info preinstall commander@0.6.1
482 verbose readDependencies loading dependencies from /usr/local/lib/node_modules/webkit-devtools-agent/node_modules/ws/node_modules/commander/package.json
483 verbose readDependencies loading dependencies from /usr/local/lib/node_modules/webkit-devtools-agent/node_modules/ws/node_modules/commander/package.json
484 silly install resolved []
485 verbose about to build /usr/local/lib/node_modules/webkit-devtools-agent/node_modules/ws/node_modules/commander
486 info build /usr/local/lib/node_modules/webkit-devtools-agent/node_modules/ws/node_modules/commander
487 verbose write writing to /usr/local/lib/node_modules/webkit-devtools-agent/node_modules/ws/node_modules/nan/package.json
488 info linkStuff commander@0.6.1
489 silly linkStuff commander@0.6.1 has /usr/local/lib/node_modules/webkit-devtools-agent/node_modules/ws/node_modules as its parent node_modules
490 silly linkStuff commander@0.6.1 is part of a global install
491 silly linkStuff commander@0.6.1 is installed into a global node_modules
492 info preinstall nan@0.3.2
493 verbose readDependencies loading dependencies from /usr/local/lib/node_modules/webkit-devtools-agent/node_modules/ws/node_modules/nan/package.json
494 verbose readDependencies loading dependencies from /usr/local/lib/node_modules/webkit-devtools-agent/node_modules/ws/node_modules/nan/package.json
495 verbose linkBins commander@0.6.1
496 verbose linkMans commander@0.6.1
497 verbose rebuildBundles commander@0.6.1
498 info install commander@0.6.1
499 info postinstall commander@0.6.1
500 silly install resolved []
501 verbose about to build /usr/local/lib/node_modules/webkit-devtools-agent/node_modules/ws/node_modules/nan
502 info build /usr/local/lib/node_modules/webkit-devtools-agent/node_modules/ws/node_modules/nan
503 verbose unlock done using /home/kmitchel/.npm/_locks/commander-f271e49652313461.lock for /usr/local/lib/node_modules/webkit-devtools-agent/node_modules/ws/node_modules/commander
504 info linkStuff nan@0.3.2
505 silly linkStuff nan@0.3.2 has /usr/local/lib/node_modules/webkit-devtools-agent/node_modules/ws/node_modules as its parent node_modules
506 silly linkStuff nan@0.3.2 is part of a global install
507 silly linkStuff nan@0.3.2 is installed into a global node_modules
508 verbose linkBins nan@0.3.2
509 verbose linkMans nan@0.3.2
510 verbose rebuildBundles nan@0.3.2
511 info install nan@0.3.2
512 info postinstall nan@0.3.2
513 verbose unlock done using /home/kmitchel/.npm/_locks/nan-582df43a29fb0376.lock for /usr/local/lib/node_modules/webkit-devtools-agent/node_modules/ws/node_modules/nan
514 verbose about to build /usr/local/lib/node_modules/webkit-devtools-agent/node_modules/ws
515 info build /usr/local/lib/node_modules/webkit-devtools-agent/node_modules/ws
516 info linkStuff ws@0.4.31
517 silly linkStuff ws@0.4.31 has /usr/local/lib/node_modules/webkit-devtools-agent/node_modules as its parent node_modules
518 silly linkStuff ws@0.4.31 is part of a global install
519 silly linkStuff ws@0.4.31 is installed into a global node_modules
520 verbose linkBins ws@0.4.31
521 verbose link bins [ { wscat: './bin/wscat' },
521 verbose link bins   '/usr/local/lib/node_modules/webkit-devtools-agent/node_modules/.bin',
521 verbose link bins   false ]
522 verbose linkMans ws@0.4.31
523 verbose rebuildBundles ws@0.4.31
524 verbose rebuildBundles [ 'commander', 'nan', 'options', 'tinycolor' ]
525 silly gentlyRm /usr/local/lib/node_modules/webkit-devtools-agent/node_modules/.bin/wscat is being purged
526 verbose gentlyRm don't care about contents; nuking /usr/local/lib/node_modules/webkit-devtools-agent/node_modules/.bin/wscat
527 info install ws@0.4.31
528 verbose unsafe-perm in lifecycle false
529 info postinstall ws@0.4.31
530 verbose unlock done using /home/kmitchel/.npm/_locks/ws-1fe1a7f0ebce73a5.lock for /usr/local/lib/node_modules/webkit-devtools-agent/node_modules/ws
531 verbose about to build /usr/local/lib/node_modules/webkit-devtools-agent
532 info build /usr/local/lib/node_modules/webkit-devtools-agent
533 info linkStuff webkit-devtools-agent@0.3.1
534 silly linkStuff webkit-devtools-agent@0.3.1 has /usr/local/lib/node_modules as its parent node_modules
535 silly linkStuff webkit-devtools-agent@0.3.1 is part of a global install
536 silly linkStuff webkit-devtools-agent@0.3.1 is installed into a global node_modules
537 silly linkStuff webkit-devtools-agent@0.3.1 is installed into the top-level global node_modules
538 verbose linkBins webkit-devtools-agent@0.3.1
539 verbose linkMans webkit-devtools-agent@0.3.1
540 verbose rebuildBundles webkit-devtools-agent@0.3.1
541 verbose rebuildBundles [ '.bin', 'underscore', 'ws' ]
542 info install webkit-devtools-agent@0.3.1
543 verbose unsafe-perm in lifecycle false
544 info webkit-devtools-agent@0.3.1 Failed to exec install script
545 verbose unlock done using /home/kmitchel/.npm/_locks/webkit-devtools-agent-e60cbcb6161df271.lock for /usr/local/lib/node_modules/webkit-devtools-agent
546 verbose stack Error: webkit-devtools-agent@0.3.1 install: `node-gyp rebuild`
546 verbose stack Exit status 1
546 verbose stack     at EventEmitter.<anonymous> (/usr/local/lib/node_modules/npm/lib/utils/lifecycle.js:213:16)
546 verbose stack     at EventEmitter.emit (events.js:110:17)
546 verbose stack     at ChildProcess.<anonymous> (/usr/local/lib/node_modules/npm/lib/utils/spawn.js:24:14)
546 verbose stack     at ChildProcess.emit (events.js:110:17)
546 verbose stack     at maybeClose (child_process.js:1015:16)
546 verbose stack     at Process.ChildProcess._handle.onexit (child_process.js:1087:5)
547 verbose pkgid webkit-devtools-agent@0.3.1
548 verbose cwd /opt/hem2
549 error Linux 3.13.0-58-generic
550 error argv "/usr/local/bin/node" "/usr/local/bin/npm" "install" "-g" "webkit-devtools-agent"
551 error node v0.12.7
552 error npm  v2.11.3
553 error code ELIFECYCLE
554 error webkit-devtools-agent@0.3.1 install: `node-gyp rebuild`
554 error Exit status 1
555 error Failed at the webkit-devtools-agent@0.3.1 install script 'node-gyp rebuild'.
555 error This is most likely a problem with the webkit-devtools-agent package,
555 error not with npm itself.
555 error Tell the author that this fails on your system:
555 error     node-gyp rebuild
555 error You can get their info via:
555 error     npm owner ls webkit-devtools-agent
555 error There is likely additional logging output above.
556 verbose exit [ 1, true ]
557 verbose unbuild lib/node_modules/webkit-devtools-agent
558 info preuninstall webkit-devtools-agent@0.3.1
559 info uninstall webkit-devtools-agent@0.3.1
560 verbose unbuild rmStuff webkit-devtools-agent@0.3.1 from /usr/local/lib/node_modules
561 info postuninstall webkit-devtools-agent@0.3.1
562 silly gentlyRm /usr/local/lib/node_modules/webkit-devtools-agent is being purged from base /usr/local
563 verbose gentlyRm don't care about contents; nuking /usr/local/lib/node_modules/webkit-devtools-agent
564 silly vacuum-fs purging /usr/local/lib/node_modules/webkit-devtools-agent
565 silly vacuum-fs quitting because other entries in /usr/local/lib/node_modules
